0 info it worked if it ends with ok
1 verbose cli [ '/Users/liumaumasi/.nvm/versions/node/v6.7.0/bin/node',
1 verbose cli   '/Users/liumaumasi/.nvm/versions/node/v6.7.0/bin/npm',
1 verbose cli   'publish' ]
2 info using npm@3.10.3
3 info using node@v6.7.0
4 verbose publish [ '.' ]
5 silly cache add args [ '.', null ]
6 verbose cache add spec .
7 silly cache add parsed spec Result {
7 silly cache add   raw: '.',
7 silly cache add   scope: null,
7 silly cache add   escapedName: null,
7 silly cache add   name: null,
7 silly cache add   rawSpec: '.',
7 silly cache add   spec: '/Users/liumaumasi/Desktop/npm published packages/log-me',
7 silly cache add   type: 'directory' }
8 verbose addLocalDirectory /Users/liumaumasi/.npm/log-me/1.0.10/package.tgz not in flight; packing
9 verbose correctMkdir /Users/liumaumasi/.npm correctMkdir not in flight; initializing
10 info lifecycle log-me@1.0.10~prepublish: log-me@1.0.10
11 silly lifecycle log-me@1.0.10~prepublish: no script for prepublish, continuing
12 verbose tar pack [ '/Users/liumaumasi/.npm/log-me/1.0.10/package.tgz',
12 verbose tar pack   '/Users/liumaumasi/Desktop/npm published packages/log-me' ]
13 verbose tarball /Users/liumaumasi/.npm/log-me/1.0.10/package.tgz
14 verbose folder /Users/liumaumasi/Desktop/npm published packages/log-me
15 verbose addLocalTarball adding from inside cache /Users/liumaumasi/.npm/log-me/1.0.10/package.tgz
16 verbose correctMkdir /Users/liumaumasi/.npm correctMkdir not in flight; initializing
17 silly cache afterAdd log-me@1.0.10
18 verbose afterAdd /Users/liumaumasi/.npm/log-me/1.0.10/package/package.json not in flight; writing
19 verbose correctMkdir /Users/liumaumasi/.npm correctMkdir not in flight; initializing
20 verbose afterAdd /Users/liumaumasi/.npm/log-me/1.0.10/package/package.json written
21 silly publish { name: 'log-me',
21 silly publish   version: '1.0.10',
21 silly publish   description: 'A simple logging and debugging tool that formats log entries and terminal log output.',
21 silly publish   main: 'index.js',
21 silly publish   scripts: { test: 'echo "Error: no test specified" && exit 1' },
21 silly publish   repository:
21 silly publish    { type: 'git',
21 silly publish      url: 'git+https://github.com/Maumasi/log-me.git' },
21 silly publish   keywords: [ 'log', 'logger', 'debug', 'debugging', 'utility' ],
21 silly publish   author: { name: 'maumasi' },
21 silly publish   license: 'MIT',
21 silly publish   bin: { 'log-me': 'index.js' },
21 silly publish   engine: { node: '>=6.7.0' },
21 silly publish   bugs: { url: 'https://github.com/Maumasi/log-me/issues' },
21 silly publish   homepage: 'https://github.com/Maumasi/log-me#readme',
21 silly publish   dependencies: { 'cli-color': '^1.1.0', dotenv: '^2.0.0' },
21 silly publish   readme: '# log-me\n</br>\n**log-me** is a simple logging tool you can use to log events to a log file within your project. You can think of this as a more powerful ` console.log() ` except you can turn this one off when you don\'t need logs riddled all over the place in the terminal.\n</br>\n\n### Important:\nThis package was writen in ` node v6.7.0 `\n\n### Notes:\nWhen reviewing this package documentation we\'re going to stage a couple basic outlines:\n\n- We\'re going to just call the root directory of your app ` ROOT `\n\n- If you didn\'t know what ` __filename ` is, it\'s a node variable that is set to the current file\'s path location. There, now you know.\n\n- We\'re also going to assume that you already know what node environment variables are, if you don\'t here are a couple articles to get you up to speed:\n  - [How to setup an environmental variables file] (https://medium.com/@rafaelvidaurre/managing-environment-variables-in-node-js-2cb45a55195f#.41s7ws32x)\n  - [How to set environment variables in the terminal] (http://stackoverflow.com/questions/9198310/how-to-set-node-env-to-production-development-in-os-x)\n</br>\n\n___\n\n## Install\n\nTo install as a dependency:\n```bash\n\n$ cd ROOT/\n$ npm i --save log-me\n\n```\n</br>\nTo install as a dev dependency:\n```bash\n\n$ cd ROOT/\n$ npm i --save-dev log-me\n\n```\n</br>\n\nAfter installing ` log-me ` you **MUST** create a new ` logs ` directory and ` log.txt ` inside of that new directory.\n```bash\n\n$ cd ROOT/\n$ mkdir logs\n$ touch logs/log.txt\n\n```\n___\n\n## Usage\n\n### Code examples\nAt the top of a file you are going to use an instance of ` log-me ` set to a ` const `:\n```javascript\n\nconst log = require(\'log-me\');\n\n```\n\nWhen using your new tool, ` log `, there are a few parameters to play with:</br>\nParameter position:\n  1. **` error ` | [required]**: Capture an error stack trace commonly represented as ` err ` in node.\n\n  2. **` filePath ` | [optional]**: While this is an optional parameter you should always set this to ` __filename ` whenever you call a ` log-me ` instance or else it will default to ` log-me `\'s module file path.\n\n  3. **` customMessage ` | [optional]**: This is a string value that will be used as the log message header.\n\n  4. **` customDescription ` | [optional]**: This is a string value. The description should be used if the purpose for the log is more complex then can be described in a few words using the ` customMessage ` parameter.\n\n  5. **` reportLevel ` | [optional]**: This takes a numeric value of `0`, `1`, or `2`.\n     - This is used against an array, ` [\'Info\', \'Warning\', \'Error\'] `.\n     - By default this is set to index ` 0 `[\'Info\'], but if an error is passed in at parameter 1 and the error has a stack trace then this will automatically be change to index ` 2 `[\'Error\'].\n     - Index ` 1 `[\'Warning\'] will only be used if entered as so.\n\n```javascript\n\n// extend the `log-me` module to this file\nconst log = require(\'log-me\');\n\n\n// parameters\nlog(err, filePath = __filename, customMessage = \'none\', customDescription = \'none\', reportLevel = 0);\n\n\n// only log the stack trace\ndanceMonkeyDance(err, dance) {\n  // ... some code ...\n  if (err) {\n    log(err, __filename);\n  }\n}\n\n\n// if there\'s no error to pass in but you want to log an event just set the first parameter to `null`\nlog(null, __filename,\n  \'Header for custom log message\',\n  \'A more descriptive explanation for the reason I put a log here.\');\n\n\n// change the reportLevel to index of \'Warning\'\nlog(null, __filename,\n  \'An unexpected event that could be a problem later\',\n  \'A well deserved explanation as to what you suspect triggered this `Warning` log.\',\n  1 // <-------- index of `Warning` status\n);\n\n```\n___\n\n## DEBUG mode\nWhile ` log-me ` will continuously write to the ` ROOT/logs/log.txt ` file, but if you want see logs being output to the terminal then you\'ll have to turn on the **DEBUG** mode. To turn on **DEBUG** mode you\'ll have to set the DEBUG environment variable.\n\nThe best way to do this is to set `DEBUG=true` in the terminal. If you have a server script that runs your App at the `ROOT/` directory level then you call just past in the following commands, assuming that you server script is called `server.js`.\n\n```bash\n\n$ cd ROOT/\n$ DEBUG=true node server.js\n\n```\n</br>\n\nThen of course, to exit DEBUG mode you\'ll have to stop the server.\n```bash\n\n$ cd ROOT/\n$ ^C\n\n```\n**Note:**\nTo enter ` ^C ` you just to press `control` and `c` at the same time.\n</br>\n\n\n### Example output\nAn example log output to the terminal would look like this:\n```\n\nLog Report: Info\ncreated at: Wed Oct 12 2016 21:42:28 GMT-0400 (EDT)\nreport type: Info\ncustom message: Server Active\ncustom description: Server running on port 3000\nfile path: ROOT/server.js\nstack trace: null\n\n```\nThe only exception to this example out put is that it would actually be colored text for better contrast\n</br>\n',
21 silly publish   readmeFilename: 'README.md',
21 silly publish   gitHead: 'd90278c6ff1cf661cba9dfcf4634acfc24f72b4c',
21 silly publish   _id: 'log-me@1.0.10',
21 silly publish   _shasum: '9d0c13e7ef6ef7c467d46cd0721fb5e3f1956a63',
21 silly publish   _from: '.' }
22 verbose getPublishConfig undefined
23 silly mapToRegistry name log-me
24 silly mapToRegistry using default registry
25 silly mapToRegistry registry https://registry.npmjs.org/
26 silly mapToRegistry data Result {
26 silly mapToRegistry   raw: 'log-me',
26 silly mapToRegistry   scope: null,
26 silly mapToRegistry   escapedName: 'log-me',
26 silly mapToRegistry   name: 'log-me',
26 silly mapToRegistry   rawSpec: '',
26 silly mapToRegistry   spec: 'latest',
26 silly mapToRegistry   type: 'tag' }
27 silly mapToRegistry uri https://registry.npmjs.org/log-me
28 verbose publish registryBase https://registry.npmjs.org/
29 silly publish uploading /Users/liumaumasi/.npm/log-me/1.0.10/package.tgz
30 verbose request uri https://registry.npmjs.org/log-me
31 verbose request sending authorization for write operation
32 info attempt registry request try #1 at 9:07:53 PM
33 verbose request using bearer token for auth
34 verbose request id 0c44624afa723e44
35 http request PUT https://registry.npmjs.org/log-me
36 http 403 https://registry.npmjs.org/log-me
37 verbose headers { 'content-type': 'application/json',
37 verbose headers   'cache-control': 'max-age=300',
37 verbose headers   'content-length': '96',
37 verbose headers   'accept-ranges': 'bytes',
37 verbose headers   date: 'Fri, 14 Oct 2016 01:07:54 GMT',
37 verbose headers   via: '1.1 varnish',
37 verbose headers   connection: 'keep-alive',
37 verbose headers   'x-served-by': 'cache-dfw1837-DFW',
37 verbose headers   'x-cache': 'MISS',
37 verbose headers   'x-cache-hits': '0',
37 verbose headers   'x-timer': 'S1476407273.163747,VS0,VE883',
37 verbose headers   vary: 'Accept-Encoding' }
38 verbose request invalidating /Users/liumaumasi/.npm/registry.npmjs.org/log-me on PUT
39 error publish Failed PUT 403
40 verbose stack Error: "You cannot publish over the previously published version 1.0.10." : log-me
40 verbose stack     at makeError (/Users/liumaumasi/.nvm/versions/node/v6.7.0/lib/node_modules/npm/node_modules/npm-registry-client/lib/request.js:264:12)
40 verbose stack     at CachingRegistryClient.<anonymous> (/Users/liumaumasi/.nvm/versions/node/v6.7.0/lib/node_modules/npm/node_modules/npm-registry-client/lib/request.js:252:14)
40 verbose stack     at Request._callback (/Users/liumaumasi/.nvm/versions/node/v6.7.0/lib/node_modules/npm/node_modules/npm-registry-client/lib/request.js:172:14)
40 verbose stack     at Request.self.callback (/Users/liumaumasi/.nvm/versions/node/v6.7.0/lib/node_modules/npm/node_modules/request/request.js:200:22)
40 verbose stack     at emitTwo (events.js:106:13)
40 verbose stack     at Request.emit (events.js:191:7)
40 verbose stack     at Request.<anonymous> (/Users/liumaumasi/.nvm/versions/node/v6.7.0/lib/node_modules/npm/node_modules/request/request.js:1067:10)
40 verbose stack     at emitOne (events.js:101:20)
40 verbose stack     at Request.emit (events.js:188:7)
40 verbose stack     at IncomingMessage.<anonymous> (/Users/liumaumasi/.nvm/versions/node/v6.7.0/lib/node_modules/npm/node_modules/request/request.js:988:12)
41 verbose statusCode 403
42 verbose pkgid log-me
43 verbose cwd /Users/liumaumasi/Desktop/npm published packages/log-me
44 error Darwin 15.6.0
45 error argv "/Users/liumaumasi/.nvm/versions/node/v6.7.0/bin/node" "/Users/liumaumasi/.nvm/versions/node/v6.7.0/bin/npm" "publish"
46 error node v6.7.0
47 error npm  v3.10.3
48 error code E403
49 error "You cannot publish over the previously published version 1.0.10." : log-me
50 error If you need help, you may report this error at:
50 error     <https://github.com/npm/npm/issues>
51 verbose exit [ 1, true ]
